FlashPro
Version: 11.3.0.112
Release: v11.3

Software Version: 11.3.0.112
creating folder:
E:\Julio\Projetos\IPs\AES\src\SoC\aes_ip_apb\aes_ip_apb\designer\impl1\aes_ip_apb_fp
Driver : 3.0.0 build 1
programmer '71444' : FlashPro3
Created new project
'E:/Julio/Projetos/IPs/AES/src/SoC/aes_ip_apb/aes_ip_apb/designer/impl1/aes_ip_apb_fp\aes_ip_ap\
b.pro'
The 'new_project' command succeeded.
The 'set_device_type' command succeeded.
The 'set_device_package' command succeeded.
Info: Adding Flash Memory data from file
      E:\Julio\Projetos\IPs\AES\src\SoC\aes_ip_apb\aes_ip_apb\component\work\aes_ip_apb_MSS\MSS\
      _ENVM_0\MSS_ENVM_0.efc.
Info: Adding FPGA Array data from file
      E:\Julio\Projetos\IPs\AES\src\SoC\aes_ip_apb\aes_ip_apb\designer\impl1\aes_ip_apb.fdb.
PDB file
'E:\Julio\Projetos\IPs\AES\src\SoC\aes_ip_apb\aes_ip_apb\designer\impl1\aes_ip_apb_fp\aes_ip_ap\
b.pdb' has been loaded successfully.
DESIGN : aes_ip_apb;  CHECKSUM : DF86;  PDB_VERSION : 1.8
The 'update_programming_file' command succeeded.
The 'set_programming_action' command succeeded.
programmer '71444' : Scan Chain...
Warning: programmer '71444' : Vpump has been selected on programmer AND an externally provided
         Vpump has also been detected. Using externally provided Vpump voltage source.
programmer '71444' : Scan Chain PASSED.
programmer '71444' : Executing action PROGRAM
programmer '71444' : EXPORT FSN[48] = 0114ab1c8c58
programmer '71444' : Erase ...
programmer '71444' : Completed erase
programmer '71444' : EXPORT CHECKSUM: [16] = df86
programmer '71444' : Programming FPGA Array
programmer '71444' : Verifying FPGA Array
programmer '71444' :         Verifying FPGA Array -- pass
programmer '71444' : Program System Init and Boot Clients...
programmer '71444' : Verify System Init and Boot Clients...
programmer '71444' : Finished: Tue Jul 08 23:41:06 2014 (Elapsed time 00:00:38)
programmer '71444' : Executing action PROGRAM PASSED.

                        o - o - o - o - o - o

The 'run_selected_actions' command succeeded.
creating folder:
E:\Julio\Projetos\IPs\AES\src\SoC\aes_ip_apb\aes_ip_apb\designer\impl1\aes_ip_apb_fp\projectData
Project saved.
The 'save_project' command succeeded.
Project closed.
